[INFO  - 2017-07-19T08:54:35.070Z] GhostDriver - Main - running on port 49810
[INFO  - 2017-07-19T08:54:37.845Z] Session [e508c6a0-6c5f-11e7-89dd-6d6e1012f5f3] - page.settings - {"XSSAuditingEnabled":false,"javascriptCanCloseWindows":true,"javascriptCanOpenWindows":true,"javascriptEnabled":true,"loadImages":true,"localToRemoteUrlAccessEnabled":false,"userAgent":"Mozilla/5.0 (Windows NT 6.1; WOW64) AppleWebKit/538.1 (KHTML, like Gecko) PhantomJS/2.1.1 Safari/538.1","webSecurityEnabled":true}
[INFO  - 2017-07-19T08:54:37.845Z] Session [e508c6a0-6c5f-11e7-89dd-6d6e1012f5f3] - page.customHeaders:  - {}
[INFO  - 2017-07-19T08:54:37.845Z] Session [e508c6a0-6c5f-11e7-89dd-6d6e1012f5f3] - Session.negotiatedCapabilities - {"browserName":"phantomjs","version":"2.1.1","driverName":"ghostdriver","driverVersion":"1.2.0","platform":"windows-7-32bit","javascriptEnabled":true,"takesScreenshot":true,"handlesAlerts":false,"databaseEnabled":false,"locationContextEnabled":false,"applicationCacheEnabled":false,"browserConnectionEnabled":false,"cssSelectorsEnabled":true,"webStorageEnabled":false,"rotatable":false,"acceptSslCerts":false,"nativeEvents":true,"proxy":{"proxyType":"direct"}}
[INFO  - 2017-07-19T08:54:37.845Z] SessionManagerReqHand - _postNewSessionCommand - New Session Created: e508c6a0-6c5f-11e7-89dd-6d6e1012f5f3
[ERROR - 2017-07-19T08:54:40.617Z] Session [e508c6a0-6c5f-11e7-89dd-6d6e1012f5f3] - page.onError - msg: Moment Timezone found undefined from the Intl api, but did not have that data loaded.

  phantomjs://platform/console++.js:263 in error
[ERROR - 2017-07-19T08:54:40.617Z] Session [e508c6a0-6c5f-11e7-89dd-6d6e1012f5f3] - page.onError - stack:
  logError (https://d3njjcbhbojbot.cloudfront.net/webapps/builds/front-page/app.en.a6f9a4d5263cec90fe41.js:1)

  phantomjs://platform/console++.js:263 in error
[ERROR - 2017-07-19T08:55:50.657Z] Session [e508c6a0-6c5f-11e7-89dd-6d6e1012f5f3] - page.onError - msg: ReferenceError: Can't find variable: Intl

  phantomjs://platform/console++.js:263 in error
[ERROR - 2017-07-19T08:55:50.657Z] Session [e508c6a0-6c5f-11e7-89dd-6d6e1012f5f3] - page.onError - stack:
  (anonymous function) (https://d3njjcbhbojbot.cloudfront.net/webapps/builds/dashboard-2016/loader.en.3a7f498179464271e87f.js:1)
  (anonymous function) (https://d3njjcbhbojbot.cloudfront.net/webapps/builds/dashboard-2016/loader.en.3a7f498179464271e87f.js:1)
  (anonymous function) (https://d3njjcbhbojbot.cloudfront.net/webapps/builds/dashboard-2016/loader.en.3a7f498179464271e87f.js:1)
  __webpack_require__ (https://d3njjcbhbojbot.cloudfront.net/webapps/builds/dashboard-2016/loader.en.3a7f498179464271e87f.js:1)
  (anonymous function) (https://d3njjcbhbojbot.cloudfront.net/webapps/builds/dashboard-2016/loader.en.3a7f498179464271e87f.js:1)
  __webpack_require__ (https://d3njjcbhbojbot.cloudfront.net/webapps/builds/dashboard-2016/loader.en.3a7f498179464271e87f.js:1)
  (anonymous function) (https://d3njjcbhbojbot.cloudfront.net/webapps/builds/dashboard-2016/loader.en.3a7f498179464271e87f.js:1)
  __webpack_require__ (https://d3njjcbhbojbot.cloudfront.net/webapps/builds/dashboard-2016/loader.en.3a7f498179464271e87f.js:1)
  (anonymous function) (https://d3njjcbhbojbot.cloudfront.net/webapps/builds/dashboard-2016/loader.en.3a7f498179464271e87f.js:1)

  phantomjs://platform/console++.js:263 in error
[ERROR - 2017-07-19T08:55:50.768Z] Session [e508c6a0-6c5f-11e7-89dd-6d6e1012f5f3] - page.onError - msg: TypeError: undefined is not a constructor (evaluating 't.__addLocaleData')

  phantomjs://platform/console++.js:263 in error
[ERROR - 2017-07-19T08:55:50.769Z] Session [e508c6a0-6c5f-11e7-89dd-6d6e1012f5f3] - page.onError - stack:
  (anonymous function) (https://d3njjcbhbojbot.cloudfront.net/webapps/builds/dashboard-2016/app.en.2e4cf861da6d579afcd8.js:1)
  (anonymous function) (https://d3njjcbhbojbot.cloudfront.net/webapps/builds/dashboard-2016/app.en.2e4cf861da6d579afcd8.js:1)
  __webpack_require__ (https://d3njjcbhbojbot.cloudfront.net/webapps/builds/dashboard-2016/loader.en.3a7f498179464271e87f.js:1)
  (anonymous function) (https://d3njjcbhbojbot.cloudfront.net/webapps/builds/dashboard-2016/app.en.2e4cf861da6d579afcd8.js:1)
  __webpack_require__ (https://d3njjcbhbojbot.cloudfront.net/webapps/builds/dashboard-2016/loader.en.3a7f498179464271e87f.js:1)
  (anonymous function) (https://d3njjcbhbojbot.cloudfront.net/webapps/builds/dashboard-2016/app.en.2e4cf861da6d579afcd8.js:1)
  __webpack_require__ (https://d3njjcbhbojbot.cloudfront.net/webapps/builds/dashboard-2016/loader.en.3a7f498179464271e87f.js:1)
  (anonymous function) (https://d3njjcbhbojbot.cloudfront.net/webapps/builds/dashboard-2016/app.en.2e4cf861da6d579afcd8.js:1)
  __webpack_require__ (https://d3njjcbhbojbot.cloudfront.net/webapps/builds/dashboard-2016/loader.en.3a7f498179464271e87f.js:1)
  (anonymous function) (https://d3njjcbhbojbot.cloudfront.net/webapps/builds/dashboard-2016/app.en.2e4cf861da6d579afcd8.js:1)
  __webpack_require__ (https://d3njjcbhbojbot.cloudfront.net/webapps/builds/dashboard-2016/loader.en.3a7f498179464271e87f.js:1)
  (anonymous function) (https://d3njjcbhbojbot.cloudfront.net/webapps/builds/dashboard-2016/app.en.2e4cf861da6d579afcd8.js:1)
  __webpack_require__ (https://d3njjcbhbojbot.cloudfront.net/webapps/builds/dashboard-2016/loader.en.3a7f498179464271e87f.js:1)
  webpackJsonpCallback (https://d3njjcbhbojbot.cloudfront.net/webapps/builds/dashboard-2016/loader.en.3a7f498179464271e87f.js:1)

  phantomjs://platform/console++.js:263 in error
[ERROR - 2017-07-19T08:55:56.774Z] Session [e508c6a0-6c5f-11e7-89dd-6d6e1012f5f3] - page.onError - msg: Moment Timezone found undefined from the Intl api, but did not have that data loaded.

  phantomjs://platform/console++.js:263 in error
[ERROR - 2017-07-19T08:55:56.774Z] Session [e508c6a0-6c5f-11e7-89dd-6d6e1012f5f3] - page.onError - stack:
  logError (https://d3njjcbhbojbot.cloudfront.net/web/md5/bundles/ondemand/startApp.sub.rjsBundle.2c6a158d3f5de6e7d334a967204c44ae.6.js:183)

  phantomjs://platform/console++.js:263 in error
