[INFO  - 2017-12-20T04:19:06.491Z] GhostDriver - Main - running on port 58838
[INFO  - 2017-12-20T04:19:09.488Z] Session [ecfab020-e53c-11e7-9912-6b31d5c0bc57] - page.settings - {"XSSAuditingEnabled":false,"javascriptCanCloseWindows":true,"javascriptCanOpenWindows":true,"javascriptEnabled":true,"loadImages":true,"localToRemoteUrlAccessEnabled":false,"userAgent":"Mozilla/5.0 (Windows NT 6.1; WOW64) AppleWebKit/538.1 (KHTML, like Gecko) PhantomJS/2.1.1 Safari/538.1","webSecurityEnabled":true}
[INFO  - 2017-12-20T04:19:09.488Z] Session [ecfab020-e53c-11e7-9912-6b31d5c0bc57] - page.customHeaders:  - {}
[INFO  - 2017-12-20T04:19:09.488Z] Session [ecfab020-e53c-11e7-9912-6b31d5c0bc57] - Session.negotiatedCapabilities - {"browserName":"phantomjs","version":"2.1.1","driverName":"ghostdriver","driverVersion":"1.2.0","platform":"windows-7-32bit","javascriptEnabled":true,"takesScreenshot":true,"handlesAlerts":false,"databaseEnabled":false,"locationContextEnabled":false,"applicationCacheEnabled":false,"browserConnectionEnabled":false,"cssSelectorsEnabled":true,"webStorageEnabled":false,"rotatable":false,"acceptSslCerts":false,"nativeEvents":true,"proxy":{"proxyType":"direct"}}
[INFO  - 2017-12-20T04:19:09.488Z] SessionManagerReqHand - _postNewSessionCommand - New Session Created: ecfab020-e53c-11e7-9912-6b31d5c0bc57
[ERROR - 2017-12-20T04:19:20.313Z] Session [ecfab020-e53c-11e7-9912-6b31d5c0bc57] - page.onError - msg: TypeError: undefined is not an object (evaluating 'options.onBeforeShow')

  phantomjs://platform/console++.js:263 in error
[ERROR - 2017-12-20T04:19:20.314Z] Session [ecfab020-e53c-11e7-9912-6b31d5c0bc57] - page.onError - stack:
  onBeforeShow (https://www.open2study.com/sites/default/files/js/js_cPfhLLbbekPQXdosortv4-ULGBiRtj88Q82VSbxgYnw.js:147)
  buildWalkthrough (https://www.open2study.com/sites/default/files/js/js_cPfhLLbbekPQXdosortv4-ULGBiRtj88Q82VSbxgYnw.js:108)
  renderOverlay (https://www.open2study.com/sites/default/files/js/js_cPfhLLbbekPQXdosortv4-ULGBiRtj88Q82VSbxgYnw.js:104)
  (anonymous function) (https://www.open2study.com/sites/default/files/js/js_cPfhLLbbekPQXdosortv4-ULGBiRtj88Q82VSbxgYnw.js:171)

  phantomjs://platform/console++.js:263 in error
[ERROR - 2017-12-20T04:19:21.826Z] Session [ecfab020-e53c-11e7-9912-6b31d5c0bc57] - page.onError - msg: TypeError: undefined is not an object (evaluating 'options.onBeforeShow')

  phantomjs://platform/console++.js:263 in error
[ERROR - 2017-12-20T04:19:21.826Z] Session [ecfab020-e53c-11e7-9912-6b31d5c0bc57] - page.onError - stack:
  onBeforeShow (https://www.open2study.com/sites/default/files/js/js_cPfhLLbbekPQXdosortv4-ULGBiRtj88Q82VSbxgYnw.js:147)
  buildWalkthrough (https://www.open2study.com/sites/default/files/js/js_cPfhLLbbekPQXdosortv4-ULGBiRtj88Q82VSbxgYnw.js:108)
  renderOverlay (https://www.open2study.com/sites/default/files/js/js_cPfhLLbbekPQXdosortv4-ULGBiRtj88Q82VSbxgYnw.js:104)
  (anonymous function) (https://www.open2study.com/sites/default/files/js/js_cPfhLLbbekPQXdosortv4-ULGBiRtj88Q82VSbxgYnw.js:171)

  phantomjs://platform/console++.js:263 in error
[ERROR - 2017-12-20T04:19:27.635Z] Session [ecfab020-e53c-11e7-9912-6b31d5c0bc57] - page.onError - msg: ReferenceError: Can't find variable: jQuery_1_7_2

  phantomjs://platform/console++.js:263 in error
[ERROR - 2017-12-20T04:19:27.635Z] Session [ecfab020-e53c-11e7-9912-6b31d5c0bc57] - page.onError - stack:
  global code (https://learn.open2study.com/mod/subjectcompletion/view.php?id=188494:554)

  phantomjs://platform/console++.js:263 in error
[ERROR - 2017-12-20T04:19:40.108Z] WebElementLocator - _handleLocateCommand - Element(s) NOT Found: GAVE UP. Search Stop Time: 1513743580063

  phantomjs://platform/console++.js:263 in error
[ERROR - 2017-12-20T04:19:49.629Z] WebElementLocator - _handleLocateCommand - Element(s) NOT Found: GAVE UP. Search Stop Time: 1513743589628

  phantomjs://platform/console++.js:263 in error
[ERROR - 2017-12-20T04:19:56.408Z] WebElementLocator - _handleLocateCommand - Element(s) NOT Found: GAVE UP. Search Stop Time: 1513743596390

  phantomjs://platform/console++.js:263 in error
[ERROR - 2017-12-20T04:20:03.068Z] WebElementLocator - _handleLocateCommand - Element(s) NOT Found: GAVE UP. Search Stop Time: 1513743603065

  phantomjs://platform/console++.js:263 in error
